<?xml version="1.0" encoding="UTF-8"?>
<testsuite name="org.example.boardexam.BoardexamApplicationTests" tests="1" skipped="0" failures="0" errors="0" timestamp="2024-05-24T01:40:57" hostname="mulyeo-Macbook-Pro.local" time="0.461">
  <properties/>
  <testcase name="contextLoads()" classname="org.example.boardexam.BoardexamApplicationTests" time="0.461"/>
  <system-out><![CDATA[10:40:56.497 [Test worker] INFO org.springframework.test.context.support.AnnotationConfigContextLoaderUtils -- Could not detect default configuration classes for test class [org.example.boardexam.BoardexamApplicationTests]: BoardexamApplicationTests does not declare any static, non-private, non-final, nested classes annotated with @Configuration.
10:40:56.542 [Test worker] INFO org.springframework.boot.test.context.SpringBootTestContextBootstrapper -- Found @SpringBootConfiguration org.example.boardexam.BoardexamApplication for test class org.example.boardexam.BoardexamApplicationTests

  .   ____          _            __ _ _
 /\\ / ___'_ __ _ _(_)_ __  __ _ \ \ \ \
( ( )\___ | '_ | '_| | '_ \/ _` | \ \ \ \
 \\/  ___)| |_)| | | | | || (_| |  ) ) ) )
  '  |____| .__|_| |_|_| |_\__, | / / / /
 =========|_|==============|___/=/_/_/_/
 :: Spring Boot ::                (v3.2.5)

2024-05-24T10:40:56.716+09:00  INFO 148 --- [boardexam] [    Test worker] o.e.boardexam.BoardexamApplicationTests  : Starting BoardexamApplicationTests using Java 21.0.2 with PID 148 (started by sangjin in /Users/sangjin/Desktop/likelion/boardexam)
2024-05-24T10:40:56.717+09:00  INFO 148 --- [boardexam] [    Test worker] o.e.boardexam.BoardexamApplicationTests  : No active profile set, falling back to 1 default profile: "default"
2024-05-24T10:40:56.964+09:00  INFO 148 --- [boardexam] [    Test worker] .s.d.r.c.RepositoryConfigurationDelegate : Bootstrapping Spring Data JDBC repositories in DEFAULT mode.
2024-05-24T10:40:56.985+09:00  INFO 148 --- [boardexam] [    Test worker] .s.d.r.c.RepositoryConfigurationDelegate : Finished Spring Data repository scanning in 19 ms. Found 1 JDBC repository interface.
2024-05-24T10:40:57.158+09:00  INFO 148 --- [boardexam] [    Test worker] com.zaxxer.hikari.HikariDataSource       : HikariPool-1 - Starting...
2024-05-24T10:40:57.360+09:00  INFO 148 --- [boardexam] [    Test worker] com.zaxxer.hikari.pool.HikariPool        : HikariPool-1 - Added connection com.mysql.cj.jdbc.ConnectionImpl@57c69937
2024-05-24T10:40:57.361+09:00  INFO 148 --- [boardexam] [    Test worker] com.zaxxer.hikari.HikariDataSource       : HikariPool-1 - Start completed.
2024-05-24T10:40:57.692+09:00  INFO 148 --- [boardexam] [    Test worker] o.e.boardexam.BoardexamApplicationTests  : Started BoardexamApplicationTests in 1.093 seconds (process running for 1.631)
]]></system-out>
  <system-err><![CDATA[WARNING: A Java agent has been loaded dynamically (/Users/sangjin/.gradle/caches/modules-2/files-2.1/net.bytebuddy/byte-buddy-agent/1.14.13/979ce25f7d3096a2e82214ba7dc972a05ce7a171/byte-buddy-agent-1.14.13.jar)
WARNING: If a serviceability tool is in use, please run with -XX:+EnableDynamicAgentLoading to hide this warning
WARNING: If a serviceability tool is not in use, please run with -Djdk.instrument.traceUsage for more information
WARNING: Dynamic loading of agents will be disallowed by default in a future release
]]></system-err>
</testsuite>
